<?xml version="1.0" encoding="UTF-8"?>
<!-- Generated by org.testng.reporters.JUnitXMLReporter -->
<testsuite ignored="0" hostname="Karun" failures="0" tests="3" name="Default test" time="38.578" errors="0" timestamp="2025-11-17T05:59:13 IST">
  <testcase classname="test.BasicFunctionality" name="actionFunctionalityTesting" time="16.185"/>
  <testcase classname="test.BasicFunctionality" name="alertTesting" time="10.616"/>
  <testcase classname="test.BasicFunctionality" name="dropdownTesting" time="7.082"/>
</testsuite> <!-- Default test -->
