<?xml version="1.0" encoding="UTF-8"?>
<!-- Generated by org.testng.reporters.JUnitXMLReporter -->
<testsuite ignored="0" hostname="Karun" failures="0" tests="3" name="Test" time="35.909" errors="0" timestamp="2025-11-17T07:45:53 IST">
  <testcase classname="test.BasicFunctionality" name="actionFunctionalityTesting" time="15.798"/>
  <testcase classname="test.BasicFunctionality" name="alertTesting" time="7.661"/>
  <testcase classname="test.BasicFunctionality" name="dropdownTesting" time="8.778"/>
</testsuite> <!-- Test -->
