<?xml version="1.0" encoding="UTF-8"?>
<!-- Generated by org.testng.reporters.JUnitXMLReporter -->
<testsuite ignored="0" hostname="Karun" failures="1" tests="3" name="UI Tests" time="51.475" errors="0" timestamp="2025-11-29T13:03:10 IST">
  <testcase classname="test.AlertTesting" name="alertTesting" time="9.189"/>
  <testcase classname="test.ActionsTesting" name="actionFunctionalityTesting" time="41.796"/>
  <testcase classname="test.DropdownTesting" name="dropdownTesting" time="46.962">
    <failure type="org.openqa.selenium.NoSuchElementException" message="Cannot locate option with value: AEeD
For documentation on this error, please visit: https://www.selenium.dev/documentation/webdriver/troubleshooting/errors#no-such-element-exception
Build info: version: &amp;apos;4.26.0&amp;apos;, revision: &amp;apos;8ccf0219d7&amp;apos;
System info: os.name: &amp;apos;Windows 11&amp;apos;, os.arch: &amp;apos;amd64&amp;apos;, os.version: &amp;apos;10.0&amp;apos;, java.version: &amp;apos;21.0.1&amp;apos;
Driver info: driver.version: unknown">
      <![CDATA[org.openqa.selenium.NoSuchElementException: Cannot locate option with value: AEeD
For documentation on this error, please visit: https://www.selenium.dev/documentation/webdriver/troubleshooting/errors#no-such-element-exception
Build info: version: '4.26.0', revision: '8ccf0219d7'
System info: os.name: 'Windows 11', os.arch: 'amd64', os.version: '10.0', java.version: '21.0.1'
Driver info: driver.version: unknown
at org.openqa.selenium.support.ui.Select.findOptionsByValue(Select.java:289)
at org.openqa.selenium.support.ui.Select.selectByValue(Select.java:194)
at page.Dropdown.chooseCurrency(Dropdown.java:175)
at page.Dropdown.travellers(Dropdown.java:167)
at page.Dropdown.toDate(Dropdown.java:154)
at page.Dropdown.fromDate(Dropdown.java:137)
at page.Dropdown.too(Dropdown.java:116)
at page.Dropdown.from(Dropdown.java:103)
at page.Dropdown.dropdownFunctionality(Dropdown.java:86)
at test.DropdownTesting.dropdownTesting(DropdownTesting.java:16)
at java.base/java.util.concurrent.Executors$RunnableAdapter.call(Executors.java:572)
at java.base/java.util.concurrent.FutureTask.run(FutureTask.java:317)
at java.base/java.util.concurrent.ThreadPoolExecutor.runWorker(ThreadPoolExecutor.java:1144)
at java.base/java.util.concurrent.ThreadPoolExecutor$Worker.run(ThreadPoolExecutor.java:642)
at java.base/java.lang.Thread.run(Thread.java:1583)
... Removed 11 stack frames]]>
    </failure>
  </testcase> <!-- dropdownTesting -->
</testsuite> <!-- UI Tests -->
