<?xml version="1.0" encoding="UTF-8"?>
<testng-results ignored="0" total="3" passed="2" failed="1" skipped="0">
  <reporter-output>
  </reporter-output>
  <suite started-at="2025-11-29T13:02:18 IST" name="Suite" finished-at="2025-11-29T13:03:10 IST" duration-ms="51475">
    <groups>
    </groups>
    <test started-at="2025-11-29T13:02:18 IST" name="UI Tests" finished-at="2025-11-29T13:03:10 IST" duration-ms="51475">
      <class name="test.AlertTesting">
        <test-method is-config="true" signature="SetupBrowser()[pri:0, instance:test.AlertTesting@7ae42ce3]" started-at="2025-11-29T13:02:18 IST" name="SetupBrowser" finished-at="2025-11-29T13:02:22 IST" duration-ms="3470" status="PASS">
          <reporter-output>
          </reporter-output>
        </test-method> <!-- SetupBrowser -->
        <test-method signature="alertTesting(pojo.TestData)[pri:0, instance:test.AlertTesting@7ae42ce3]" started-at="2025-11-29T13:02:22 IST" name="alertTesting" data-provider="sendData" finished-at="2025-11-29T13:02:31 IST" duration-ms="9189" status="PASS">
          <params>
            <param index="0">
              <value>
                <![CDATA[pojo.TestData@1bbc15c4]]>
              </value>
            </param>
          </params>
          <reporter-output>
          </reporter-output>
        </test-method> <!-- alertTesting -->
      </class> <!-- test.AlertTesting -->
      <class name="test.DropdownTesting">
        <test-method is-config="true" signature="SetupBrowser()[pri:0, instance:test.DropdownTesting@14fc1f0]" started-at="2025-11-29T13:02:18 IST" name="SetupBrowser" finished-at="2025-11-29T13:02:22 IST" duration-ms="3457" status="PASS">
          <reporter-output>
          </reporter-output>
        </test-method> <!-- SetupBrowser -->
        <test-method signature="dropdownTesting(pojo.TestData)[pri:0, instance:test.DropdownTesting@14fc1f0]" started-at="2025-11-29T13:02:22 IST" name="dropdownTesting" data-provider="sendData" finished-at="2025-11-29T13:03:09 IST" duration-ms="46962" status="FAIL">
          <params>
            <param index="0">
              <value>
                <![CDATA[pojo.TestData@610a5f45]]>
              </value>
            </param>
          </params>
          <exception class="org.openqa.selenium.NoSuchElementException">
            <message>
              <![CDATA[Cannot locate option with value: AEeD
For documentation on this error, please visit: https://www.selenium.dev/documentation/webdriver/troubleshooting/errors#no-such-element-exception
Build info: version: '4.26.0', revision: '8ccf0219d7'
System info: os.name: 'Windows 11', os.arch: 'amd64', os.version: '10.0', java.version: '21.0.1'
Driver info: driver.version: unknown]]>
            </message>
            <full-stacktrace>
              <![CDATA[org.openqa.selenium.NoSuchElementException: Cannot locate option with value: AEeD
For documentation on this error, please visit: https://www.selenium.dev/documentation/webdriver/troubleshooting/errors#no-such-element-exception
Build info: version: '4.26.0', revision: '8ccf0219d7'
System info: os.name: 'Windows 11', os.arch: 'amd64', os.version: '10.0', java.version: '21.0.1'
Driver info: driver.version: unknown
at org.openqa.selenium.support.ui.Select.findOptionsByValue(Select.java:289)
at org.openqa.selenium.support.ui.Select.selectByValue(Select.java:194)
at page.Dropdown.chooseCurrency(Dropdown.java:175)
at page.Dropdown.travellers(Dropdown.java:167)
at page.Dropdown.toDate(Dropdown.java:154)
at page.Dropdown.fromDate(Dropdown.java:137)
at page.Dropdown.too(Dropdown.java:116)
at page.Dropdown.from(Dropdown.java:103)
at page.Dropdown.dropdownFunctionality(Dropdown.java:86)
at test.DropdownTesting.dropdownTesting(DropdownTesting.java:16)
at java.base/jdk.internal.reflect.DirectMethodHandleAccessor.invoke(DirectMethodHandleAccessor.java:103)
at java.base/java.lang.reflect.Method.invoke(Method.java:580)
at org.testng.internal.invokers.MethodInvocationHelper.invokeMethod(MethodInvocationHelper.java:139)
at org.testng.internal.invokers.TestInvoker.invokeMethod(TestInvoker.java:664)
at org.testng.internal.invokers.TestInvoker.invokeTestMethod(TestInvoker.java:228)
at org.testng.internal.invokers.MethodRunner.runInSequence(MethodRunner.java:63)
at org.testng.internal.invokers.TestInvoker$MethodInvocationAgent.invoke(TestInvoker.java:961)
at org.testng.internal.invokers.TestInvoker.invokeTestMethods(TestInvoker.java:201)
at org.testng.internal.invokers.TestMethodWorker.invokeTestMethods(TestMethodWorker.java:148)
at org.testng.internal.invokers.TestMethodWorker.run(TestMethodWorker.java:128)
at java.base/java.util.concurrent.Executors$RunnableAdapter.call(Executors.java:572)
at java.base/java.util.concurrent.FutureTask.run(FutureTask.java:317)
at org.testng.internal.thread.graph.TestNGFutureTask.run(TestNGFutureTask.java:22)
at java.base/java.util.concurrent.ThreadPoolExecutor.runWorker(ThreadPoolExecutor.java:1144)
at java.base/java.util.concurrent.ThreadPoolExecutor$Worker.run(ThreadPoolExecutor.java:642)
at java.base/java.lang.Thread.run(Thread.java:1583)
]]>
            </full-stacktrace>
          </exception> <!-- org.openqa.selenium.NoSuchElementException -->
          <reporter-output>
          </reporter-output>
        </test-method> <!-- dropdownTesting -->
      </class> <!-- test.DropdownTesting -->
      <class name="test.ActionsTesting">
        <test-method is-config="true" signature="SetupBrowser()[pri:0, instance:test.ActionsTesting@4f5991f6]" started-at="2025-11-29T13:02:18 IST" name="SetupBrowser" finished-at="2025-11-29T13:02:22 IST" duration-ms="3453" status="PASS">
          <reporter-output>
          </reporter-output>
        </test-method> <!-- SetupBrowser -->
        <test-method signature="actionFunctionalityTesting(pojo.TestData)[pri:0, instance:test.ActionsTesting@4f5991f6]" started-at="2025-11-29T13:02:22 IST" name="actionFunctionalityTesting" data-provider="sendData" finished-at="2025-11-29T13:03:04 IST" duration-ms="41796" status="PASS">
          <params>
            <param index="0">
              <value>
                <![CDATA[pojo.TestData@e18c51b]]>
              </value>
            </param>
          </params>
          <reporter-output>
          </reporter-output>
        </test-method> <!-- actionFunctionalityTesting -->
      </class> <!-- test.ActionsTesting -->
    </test> <!-- UI Tests -->
  </suite> <!-- Suite -->
</testng-results>
