<?xml version="1.0" encoding="UTF-8"?>
<testng-results ignored="0" total="3" passed="3" failed="0" skipped="0">
  <reporter-output>
  </reporter-output>
  <suite started-at="2025-11-17T07:45:17 IST" name="Suite" finished-at="2025-11-17T07:45:53 IST" duration-ms="35909">
    <groups>
    </groups>
    <test started-at="2025-11-17T07:45:17 IST" name="Test" finished-at="2025-11-17T07:45:53 IST" duration-ms="35909">
      <class name="test.BasicFunctionality">
        <test-method is-config="true" signature="SetupBrowser()[pri:0, instance:test.BasicFunctionality@738dc9b]" started-at="2025-11-17T07:45:17 IST" name="SetupBrowser" finished-at="2025-11-17T07:45:19 IST" duration-ms="1538" status="PASS">
          <reporter-output>
          </reporter-output>
        </test-method> <!-- SetupBrowser -->
        <test-method signature="actionFunctionalityTesting(pojo.TestData)[pri:1, instance:test.BasicFunctionality@738dc9b]" started-at="2025-11-17T07:45:19 IST" name="actionFunctionalityTesting" data-provider="sendData" finished-at="2025-11-17T07:45:35 IST" duration-ms="15798" status="PASS">
          <params>
            <param index="0">
              <value>
                <![CDATA[pojo.TestData@d1a10ac]]>
              </value>
            </param>
          </params>
          <reporter-output>
          </reporter-output>
        </test-method> <!-- actionFunctionalityTesting -->
        <test-method is-config="true" signature="endSetUp()[pri:0, instance:test.BasicFunctionality@738dc9b]" started-at="2025-11-17T07:45:35 IST" name="endSetUp" finished-at="2025-11-17T07:45:35 IST" duration-ms="257" status="PASS">
          <reporter-output>
          </reporter-output>
        </test-method> <!-- endSetUp -->
        <test-method is-config="true" signature="SetupBrowser()[pri:0, instance:test.BasicFunctionality@738dc9b]" started-at="2025-11-17T07:45:35 IST" name="SetupBrowser" finished-at="2025-11-17T07:45:36 IST" duration-ms="695" status="PASS">
          <reporter-output>
          </reporter-output>
        </test-method> <!-- SetupBrowser -->
        <test-method signature="alertTesting(pojo.TestData)[pri:2, instance:test.BasicFunctionality@738dc9b]" started-at="2025-11-17T07:45:36 IST" name="alertTesting" data-provider="sendData" finished-at="2025-11-17T07:45:43 IST" duration-ms="7661" status="PASS">
          <params>
            <param index="0">
              <value>
                <![CDATA[pojo.TestData@55ec556]]>
              </value>
            </param>
          </params>
          <reporter-output>
          </reporter-output>
        </test-method> <!-- alertTesting -->
        <test-method is-config="true" signature="endSetUp()[pri:0, instance:test.BasicFunctionality@738dc9b]" started-at="2025-11-17T07:45:43 IST" name="endSetUp" finished-at="2025-11-17T07:45:44 IST" duration-ms="156" status="PASS">
          <reporter-output>
          </reporter-output>
        </test-method> <!-- endSetUp -->
        <test-method is-config="true" signature="SetupBrowser()[pri:0, instance:test.BasicFunctionality@738dc9b]" started-at="2025-11-17T07:45:44 IST" name="SetupBrowser" finished-at="2025-11-17T07:45:44 IST" duration-ms="718" status="PASS">
          <reporter-output>
          </reporter-output>
        </test-method> <!-- SetupBrowser -->
        <test-method signature="dropdownTesting(pojo.TestData)[pri:3, instance:test.BasicFunctionality@738dc9b]" started-at="2025-11-17T07:45:44 IST" name="dropdownTesting" data-provider="sendData" finished-at="2025-11-17T07:45:53 IST" duration-ms="8778" status="PASS">
          <params>
            <param index="0">
              <value>
                <![CDATA[pojo.TestData@715d6168]]>
              </value>
            </param>
          </params>
          <reporter-output>
          </reporter-output>
        </test-method> <!-- dropdownTesting -->
        <test-method is-config="true" signature="endSetUp()[pri:0, instance:test.BasicFunctionality@738dc9b]" started-at="2025-11-17T07:45:53 IST" name="endSetUp" finished-at="2025-11-17T07:45:53 IST" duration-ms="186" status="PASS">
          <reporter-output>
          </reporter-output>
        </test-method> <!-- endSetUp -->
      </class> <!-- test.BasicFunctionality -->
    </test> <!-- Test -->
  </suite> <!-- Suite -->
</testng-results>
