<?xml version="1.0" encoding="UTF-8"?>
<testng-results ignored="0" total="3" passed="3" failed="0" skipped="0">
  <reporter-output>
  </reporter-output>
  <suite started-at="2025-11-17T05:58:34 IST" name="Default suite" finished-at="2025-11-17T05:59:13 IST" duration-ms="38578">
    <groups>
    </groups>
    <test started-at="2025-11-17T05:58:34 IST" name="Default test" finished-at="2025-11-17T05:59:13 IST" duration-ms="38578">
      <class name="test.BasicFunctionality">
        <test-method is-config="true" signature="SetupBrowser()[pri:0, instance:test.BasicFunctionality@5b6ec132]" started-at="2025-11-17T05:58:34 IST" name="SetupBrowser" finished-at="2025-11-17T05:58:36 IST" duration-ms="2021" status="PASS">
          <reporter-output>
          </reporter-output>
        </test-method> <!-- SetupBrowser -->
        <test-method signature="actionFunctionalityTesting(pojo.TestData)[pri:1, instance:test.BasicFunctionality@5b6ec132]" started-at="2025-11-17T05:58:36 IST" name="actionFunctionalityTesting" data-provider="sendData" finished-at="2025-11-17T05:58:53 IST" duration-ms="16185" status="PASS">
          <params>
            <param index="0">
              <value>
                <![CDATA[pojo.TestData@3533df16]]>
              </value>
            </param>
          </params>
          <reporter-output>
          </reporter-output>
        </test-method> <!-- actionFunctionalityTesting -->
        <test-method is-config="true" signature="SetupBrowser()[pri:0, instance:test.BasicFunctionality@5b6ec132]" started-at="2025-11-17T05:58:53 IST" name="SetupBrowser" finished-at="2025-11-17T05:58:54 IST" duration-ms="1346" status="PASS">
          <reporter-output>
          </reporter-output>
        </test-method> <!-- SetupBrowser -->
        <test-method signature="alertTesting(pojo.TestData)[pri:2, instance:test.BasicFunctionality@5b6ec132]" started-at="2025-11-17T05:58:54 IST" name="alertTesting" data-provider="sendData" finished-at="2025-11-17T05:59:05 IST" duration-ms="10616" status="PASS">
          <params>
            <param index="0">
              <value>
                <![CDATA[pojo.TestData@278667fd]]>
              </value>
            </param>
          </params>
          <reporter-output>
          </reporter-output>
        </test-method> <!-- alertTesting -->
        <test-method is-config="true" signature="SetupBrowser()[pri:0, instance:test.BasicFunctionality@5b6ec132]" started-at="2025-11-17T05:59:05 IST" name="SetupBrowser" finished-at="2025-11-17T05:59:06 IST" duration-ms="1201" status="PASS">
          <reporter-output>
          </reporter-output>
        </test-method> <!-- SetupBrowser -->
        <test-method signature="dropdownTesting(pojo.TestData)[pri:3, instance:test.BasicFunctionality@5b6ec132]" started-at="2025-11-17T05:59:06 IST" name="dropdownTesting" data-provider="sendData" finished-at="2025-11-17T05:59:13 IST" duration-ms="7082" status="PASS">
          <params>
            <param index="0">
              <value>
                <![CDATA[pojo.TestData@7d44a19]]>
              </value>
            </param>
          </params>
          <reporter-output>
          </reporter-output>
        </test-method> <!-- dropdownTesting -->
      </class> <!-- test.BasicFunctionality -->
    </test> <!-- Default test -->
  </suite> <!-- Default suite -->
</testng-results>
