<?xml version="1.0" encoding="UTF-8"?>
<!-- Generated by org.testng.reporters.JUnitReportReporter -->
<testsuite hostname="Karun" failures="0" tests="3" name="test.BasicFunctionality" time="38.451" errors="0" timestamp="2025-11-17T05:59:13 IST" skipped="0">
  <testcase classname="test.BasicFunctionality" name="actionFunctionalityTesting" time="18.206"/>
  <testcase classname="test.BasicFunctionality" name="alertTesting" time="11.817"/>
  <testcase classname="test.BasicFunctionality" name="dropdownTesting" time="8.428"/>
</testsuite> <!-- test.BasicFunctionality -->
