<?xml version="1.0" encoding="UTF-8"?>
<!-- Generated by org.testng.reporters.JUnitReportReporter -->
<testsuite hostname="Karun" failures="0" tests="3" name="test.BasicFunctionality" time="35.787" errors="0" timestamp="2025-11-17T07:45:53 IST" skipped="0">
  <testcase classname="test.BasicFunctionality" name="actionFunctionalityTesting" time="16.750"/>
  <testcase classname="test.BasicFunctionality" name="alertTesting" time="9.385"/>
  <testcase classname="test.BasicFunctionality" name="dropdownTesting" time="9.652"/>
</testsuite> <!-- test.BasicFunctionality -->
